<?xml version="1.0" encoding="UTF-8"?>
<!-- Generated by org.testng.reporters.JUnitReportReporter -->
<testsuite hostname="Mhiremath-L" name="com.thoughtworks.GitHub.GitHubgistsTest" tests="1" failures="0" timestamp="15 Feb 2020 06:53:48 GMT" time="3.346" errors="0">
  <testcase name="creategist" time="3.346" classname="com.thoughtworks.GitHub.GitHubgistsTest"/>
</testsuite> <!-- com.thoughtworks.GitHub.GitHubgistsTest -->
