<?xml version="1.0" encoding="UTF-8"?>
<!-- Generated by org.testng.reporters.JUnitReportReporter -->
<testsuite hostname="Mhiremath-L" name="com.thoughtworks.GitHub.GitHub" tests="1" failures="0" timestamp="15 Feb 2020 05:26:19 GMT" time="2.300" errors="0">
  <testcase name="getUser" time="2.300" classname="com.thoughtworks.GitHub.GitHub"/>
</testsuite> <!-- com.thoughtworks.GitHub.GitHub -->
