<?xml version="1.0" encoding="UTF-8"?>
<!-- Generated by org.testng.reporters.JUnitReportReporter -->
<testsuite hostname="Mhiremath-L" name="NewTest" tests="1" failures="0" timestamp="15 Feb 2020 09:14:55 GMT" time="0.000" errors="0">
  <testcase name="f" time="0.000" classname="NewTest"/>
</testsuite> <!-- NewTest -->
