<?xml version="1.0" encoding="UTF-8"?>
<!-- Generated by org.testng.reporters.JUnitReportReporter -->
<testsuite hostname="Mhiremath-L" name="com.thoughtworks.GitHub.GitHubTest" tests="1" failures="0" timestamp="15 Feb 2020 09:14:55 GMT" time="1.431" errors="0">
  <testcase name="getUser" time="1.431" classname="com.thoughtworks.GitHub.GitHubTest"/>
</testsuite> <!-- com.thoughtworks.GitHub.GitHubTest -->
