<?xml version="1.0" encoding="UTF-8"?>
<!-- Generated by org.testng.reporters.JUnitReportReporter -->
<testsuite hostname="Mhiremath-L" name="com.thoughtworks.GitHub.GitHubgistsTest" tests="1" failures="0" timestamp="15 Feb 2020 09:14:55 GMT" time="4.915" errors="0">
  <testcase name="creategist" time="4.915" classname="com.thoughtworks.GitHub.GitHubgistsTest"/>
</testsuite> <!-- com.thoughtworks.GitHub.GitHubgistsTest -->
