<?xml version="1.0" encoding="UTF-8"?>
<!-- Generated by org.testng.reporters.JUnitReportReporter -->
<testsuite hostname="Mhiremath-L" name="com.thoughtworks.GitHub.GitHubnotificationTest" tests="1" failures="0" timestamp="15 Feb 2020 09:14:55 GMT" time="0.570" errors="0">
  <testcase name="getnotification" time="0.570" classname="com.thoughtworks.GitHub.GitHubnotificationTest"/>
</testsuite> <!-- com.thoughtworks.GitHub.GitHubnotificationTest -->
